MQ>>>>TEST_SERVER>>SUCCESS>>1680569351874
BIP9332I<<PolicyProject 'MQ' se ha created correctamente. <<1680569351874
BIP9326I<<El origen 'MQproject.generated.bar' se ha desplegado correctamente. <<1680569351874
MQ_Application>>>>TEST_SERVER>>SUCCESS>>1680569363860
BIP9332I<<Application 'MQ_Application' se ha created correctamente. <<1680569363860
BIP9326I<<El origen 'MQ_Applicationproject.generated.bar' se ha desplegado correctamente. <<1680569363860
MQ_Application>>>>TEST_SERVER>>SUCCESS>>1680569841858
BIP9332I<<Application 'MQ_Application' se ha changed correctamente. <<1680569841858
BIP9326I<<El origen 'MQ_Applicationproject.generated.bar' se ha desplegado correctamente. <<1680569841858
MQ_Application>>>>TEST_SERVER>>SUCCESS>>1680569996765
BIP9332I<<Application 'MQ_Application' se ha changed correctamente. <<1680569996765
BIP9326I<<El origen 'MQ_Applicationproject.generated.bar' se ha desplegado correctamente. <<1680569996765
MQ_Application>>>>TEST_SERVER>>SUCCESS>>1680570359699
BIP9332I<<Application 'MQ_Application' se ha changed correctamente. <<1680570359699
BIP9326I<<El origen 'MQ_Applicationproject.generated.bar' se ha desplegado correctamente. <<1680570359699
MQ_Application>>>>TEST_SERVER>>SUCCESS>>1680570650868
BIP9332I<<Application 'MQ_Application' se ha changed correctamente. <<1680570650868
BIP9326I<<El origen 'MQ_Applicationproject.generated.bar' se ha desplegado correctamente. <<1680570650868
MQ_Application>>>>TEST_SERVER>>SUCCESS>>1680570882914
BIP9332I<<Application 'MQ_Application' se ha changed correctamente. <<1680570882914
BIP9326I<<El origen 'MQ_Applicationproject.generated.bar' se ha desplegado correctamente. <<1680570882914
MQ_Application>>>>TEST_SERVER>>SUCCESS>>1680571484614
BIP9332I<<Application 'MQ_Application' se ha changed correctamente. <<1680571484614
BIP9326I<<El origen 'MQ_Applicationproject.generated.bar' se ha desplegado correctamente. <<1680571484614
MQ_Application>>>>TEST_SERVER>>SUCCESS>>1680571655411
BIP9332I<<Application 'MQ_Application' se ha changed correctamente. <<1680571655411
BIP9326I<<El origen 'MQ_Applicationproject.generated.bar' se ha desplegado correctamente. <<1680571655411
MQ_Application>>>>TEST_SERVER>>SUCCESS>>1680572029628
BIP9332I<<Application 'MQ_Application' se ha changed correctamente. <<1680572029628
BIP9326I<<El origen 'MQ_Applicationproject.generated.bar' se ha desplegado correctamente. <<1680572029628
MQ_Application>>>>TEST_SERVER>>SUCCESS>>1680572085085
BIP9332I<<Application 'MQ_Application' se ha changed correctamente. <<1680572085085
BIP9326I<<El origen 'MQ_Applicationproject.generated.bar' se ha desplegado correctamente. <<1680572085085
MQ_Application>>>>TEST_SERVER>>SUCCESS>>1680572543132
BIP9332I<<Application 'MQ_Application' se ha changed correctamente. <<1680572543132
BIP9326I<<El origen 'MQ_Applicationproject.generated.bar' se ha desplegado correctamente. <<1680572543132
MQ_Application>>>>TEST_SERVER>>SUCCESS>>1680572798784
BIP9332I<<Application 'MQ_Application' se ha changed correctamente. <<1680572798784
BIP9326I<<El origen 'MQ_Applicationproject.generated.bar' se ha desplegado correctamente. <<1680572798784
MQ_Application>>>>TEST_SERVER>>SUCCESS>>1680574090573
BIP9332I<<Application 'MQ_Application' se ha changed correctamente. <<1680574090573
BIP9326I<<El origen 'MQ_Applicationproject.generated.bar' se ha desplegado correctamente. <<1680574090573
MQ_Application>>>>TEST_SERVER>>SUCCESS>>1680574281897
BIP9332I<<Application 'MQ_Application' se ha changed correctamente. <<1680574281897
BIP9326I<<El origen 'MQ_Applicationproject.generated.bar' se ha desplegado correctamente. <<1680574281897
MQ>>>>MQ_Application_SERVER>>SUCCESS>>1682618271785
BIP9332I<<PolicyProject 'MQ' se ha created correctamente. <<1682618271785
BIP9326I<<El origen 'MQproject.generated.bar' se ha desplegado correctamente. <<1682618271785
MQ_Application>>>>MQ_Application_SERVER>>SUCCESS>>1682618280932
BIP9332I<<Application 'MQ_Application' se ha created correctamente. <<1682618280932
BIP9326I<<El origen 'MQ_Applicationproject.generated.bar' se ha desplegado correctamente. <<1682618280932
MQ>>>>MQ_Application_SERVER>>SUCCESS>>1682618642316
BIP9339W<<Los valores definidos en la(s) política(s) 'Policy' del proyecto de política 'MQ' coinciden con los valores de política(s) existente(s). Los recursos desplegados que utilicen la(s) política(s) no se verán afectados por el redespliegue del proyecto de política. <<1682618642316
BIP9326I<<El origen 'MQproject.generated.bar' se ha desplegado correctamente. <<1682618642316
MQ_Application>>>>MQ_Application_SERVER>>SUCCESS>>1682618652246
BIP9332I<<Application 'MQ_Application' se ha changed correctamente. <<1682618652246
BIP9326I<<El origen 'MQ_Applicationproject.generated.bar' se ha desplegado correctamente. <<1682618652246
MQ>>>>MQ_Application_SERVER>>SUCCESS>>1682696810747
BIP9339W<<Los valores definidos en la(s) política(s) 'Policy' del proyecto de política 'MQ' coinciden con los valores de política(s) existente(s). Los recursos desplegados que utilicen la(s) política(s) no se verán afectados por el redespliegue del proyecto de política. <<1682696810747
BIP9326I<<El origen 'MQproject.generated.bar' se ha desplegado correctamente. <<1682696810747
MQ_Application>>>>MQ_Application_SERVER>>SUCCESS>>1682696819167
BIP9332I<<Application 'MQ_Application' se ha changed correctamente. <<1682696819167
BIP9326I<<El origen 'MQ_Applicationproject.generated.bar' se ha desplegado correctamente. <<1682696819167
MQ_Application>>>>MQ_Application_SERVER>>SUCCESS>>1682696957288
BIP9332I<<Application 'MQ_Application' se ha changed correctamente. <<1682696957288
BIP9326I<<El origen 'MQ_Applicationproject.generated.bar' se ha desplegado correctamente. <<1682696957288
MQ_Application>>>>MQ_Application_SERVER>>SUCCESS>>1682697068617
BIP9332I<<Application 'MQ_Application' se ha changed correctamente. <<1682697068617
BIP9326I<<El origen 'MQ_Applicationproject.TestMode.bar' se ha desplegado correctamente. <<1682697068617
MQ_Application>>>>MQ_Application_SERVER>>SUCCESS>>1682697255162
BIP9332I<<Application 'MQ_Application' se ha changed correctamente. <<1682697255162
BIP9326I<<El origen 'MQ_Applicationproject.TestMode.bar' se ha desplegado correctamente. <<1682697255162
MQ>>>>MQ_Application_SERVER>>SUCCESS>>1682698144044
BIP9339W<<Los valores definidos en la(s) política(s) 'Policy' del proyecto de política 'MQ' coinciden con los valores de política(s) existente(s). Los recursos desplegados que utilicen la(s) política(s) no se verán afectados por el redespliegue del proyecto de política. <<1682698144044
BIP9326I<<El origen 'MQproject.generated.bar' se ha desplegado correctamente. <<1682698144044
MQ_Application>>>>MQ_Application_SERVER>>SUCCESS>>1682698173596
BIP9332I<<Application 'MQ_Application' se ha changed correctamente. <<1682698173596
BIP9326I<<El origen 'MQ_Applicationproject.generated.bar' se ha desplegado correctamente. <<1682698173596
MQ_Application>>>>MQ_Application_SERVER>>SUCCESS>>1682698204062
BIP9332I<<Application 'MQ_Application' se ha changed correctamente. <<1682698204062
BIP9326I<<El origen 'MQ_Applicationproject.generated.bar' se ha desplegado correctamente. <<1682698204062
MQ_Application>>>>MQ_Application_SERVER>>SUCCESS>>1682698213561
BIP9332I<<Application 'MQ_Application' se ha changed correctamente. <<1682698213561
BIP9326I<<El origen 'MQ_Applicationproject.TestMode.bar' se ha desplegado correctamente. <<1682698213561
MQ_Application>>>>MQ_Application_SERVER>>SUCCESS>>1682698369646
BIP9332I<<Application 'MQ_Application' se ha changed correctamente. <<1682698369646
BIP9326I<<El origen 'MQ_Applicationproject.generated.bar' se ha desplegado correctamente. <<1682698369646
MQ>>>>MQ_Application_SERVER>>SUCCESS>>1682698380551
BIP9339W<<Los valores definidos en la(s) política(s) 'Policy' del proyecto de política 'MQ' coinciden con los valores de política(s) existente(s). Los recursos desplegados que utilicen la(s) política(s) no se verán afectados por el redespliegue del proyecto de política. <<1682698380551
BIP9326I<<El origen 'MQproject.generated.bar' se ha desplegado correctamente. <<1682698380551
MQ_Application>>>>MQ_Application_SERVER>>SUCCESS>>1682698395689
BIP9332I<<Application 'MQ_Application' se ha changed correctamente. <<1682698395689
BIP9326I<<El origen 'MQ_Applicationproject.generated.bar' se ha desplegado correctamente. <<1682698395689
MQ_Application>>>>MQ_Application_SERVER>>SUCCESS>>1682698403859
BIP9332I<<Application 'MQ_Application' se ha changed correctamente. <<1682698403859
BIP9326I<<El origen 'MQ_Applicationproject.TestMode.bar' se ha desplegado correctamente. <<1682698403859
MQ_Application>>>>MQ_Application_SERVER>>SUCCESS>>1682698581182
BIP9332I<<Application 'MQ_Application' se ha changed correctamente. <<1682698581182
BIP9326I<<El origen 'MQ_Applicationproject.generated.bar' se ha desplegado correctamente. <<1682698581182
MQ>>>>MQ_Application_SERVER>>SUCCESS>>1682698591393
BIP9339W<<Los valores definidos en la(s) política(s) 'Policy' del proyecto de política 'MQ' coinciden con los valores de política(s) existente(s). Los recursos desplegados que utilicen la(s) política(s) no se verán afectados por el redespliegue del proyecto de política. <<1682698591393
BIP9326I<<El origen 'MQproject.generated.bar' se ha desplegado correctamente. <<1682698591393
MQ_Application>>>>MQ_Application_SERVER>>SUCCESS>>1682698599710
BIP9332I<<Application 'MQ_Application' se ha changed correctamente. <<1682698599710
BIP9326I<<El origen 'MQ_Applicationproject.generated.bar' se ha desplegado correctamente. <<1682698599710
MQ_Application>>>>MQ_Application_SERVER>>SUCCESS>>1682698609436
BIP9332I<<Application 'MQ_Application' se ha changed correctamente. <<1682698609436
BIP9326I<<El origen 'MQ_Applicationproject.TestMode.bar' se ha desplegado correctamente. <<1682698609436
MQ_Application>>>>MQ_Application_SERVER>>SUCCESS>>1682698668804
BIP9332I<<Application 'MQ_Application' se ha changed correctamente. <<1682698668804
BIP9326I<<El origen 'MQ_Applicationproject.TestMode.bar' se ha desplegado correctamente. <<1682698668804
