
==============================================

!Thu Apr 27 15:40:32 COT 2023

Successfully added file XML_Application\Flow.msgflow to BAR file.

Successfully added file XML_Application\Flow_Compute.esql to BAR file.

Successfully added file XML_Application\Flow_Compute.esql to BAR file.

Successfully added file XML_Application\Flow_Compute.esql to BAR file.

Successfully added file XML_Application\Flow_Compute1.esql to BAR file.

Successfully added file XML_Application\Flow_Compute1.esql to BAR file.

Successfully added file XML_Application\Flow_Compute1.esql to BAR file.

Successfully added file XML_Application\Flow_Compute2.esql to BAR file.

Successfully added file XML_Application\Flow_Compute2.esql to BAR file.

Successfully added file XML_Application\Flow_Compute3.esql to BAR file.

Successfully added file XML_Application\IBMdefined\org\w3\www\xml\_1998\namespace\xml.xsd to BAR file.

Successfully added file XML_Application\IBMdefined\org\xmlsoap\schemas\soap\envelope\soapenv11.xsd to BAR file.

Successfully added file XML_Application\IBMdefined\soap.xsd to BAR file.

Successfully added file XML_Application\WSDLFile.wsdl to BAR file.

Successfully added file XML_Application\WSDLFile.xsd to BAR file.

Successfully added file XML_Application\WSDLFile_InlineSchema1.xsd to BAR file.

Successfully added file XML_Application\application.descriptor to BAR file.

Successfully added file XML_Application\application.descriptor to BAR file.

Successfully added file XML_Application\application.descriptor to BAR file.

Successfully added file XML_Application\application.descriptor to BAR file.

Successfully added file XML_Application\gen\WSDLFile_Flow.subflow to BAR file.
