
==============================================

!Fri Apr 28 11:16:49 COT 2023

Processing file MQ_Application\flow.msgflow.
Successfully added file MQ_Application\flow.msgflow to BAR file.

==============================================

!Fri Apr 28 11:16:49 COT 2023

Processing file MQ_Application\application.descriptor.
Successfully added file MQ_Application\application.descriptor to BAR file.
Elapsed time: 0 second(s).

Successfully added file MQ_Application\application.descriptor to BAR file.

==============================================

!Fri Apr 28 11:16:49 COT 2023

Processing file MQ_Application\application.descriptor.
Successfully added file MQ_Application\application.descriptor to BAR file.
Elapsed time: 0,001 second(s).

Successfully added file MQ_Application\application.descriptor to BAR file.

==============================================

!Fri Apr 28 11:16:49 COT 2023

Processing file MQ_Application\flow_Compute.esql.
Successfully added file MQ_Application\flow_Compute.esql to BAR file.
