Policy>>>>XML_SERVER>>SUCCESS>>1681149535872
BIP9332I<<PolicyProject 'Policy' se ha created correctamente. <<1681149535872
BIP9326I<<El origen 'Policyproject.generated.bar' se ha desplegado correctamente. <<1681149535872
XML_Application>>>>XML_SERVER>>WARNING>>1681149546568
BIP9320E<<El flujo de mensajes 'Flow', 'Flow' ha detectado un error y no ha podido iniciarse. <<1681149546568
BIP2293E<<Mensaje de configuración no válido que contiene el valor de atributo '<Select a domain to use. Default domain is BLOB>': no válido para el atributo de destino 'messageDomainProperty' en objeto 'HTTP Request'. <<1681149546568
BIP9333W<<Application 'XML_Application' ha sido created pero contiene errores que han impedido el inicio de algunos recursos. <<1681149546568
BIP1096E<<El origen 'XML_Applicationproject.generated.bar' se ha desplegado, pero ha habido uno o más errores que podrían suponer que los recursos desplegados no puedan ejecutar. <<1681149546568
XML_Application>>>>XML_SERVER>>WARNING>>1681149614350
BIP9320E<<El flujo de mensajes 'Flow', 'Flow' ha detectado un error y no ha podido iniciarse. <<1681149614350
BIP2293E<<Mensaje de configuración no válido que contiene el valor de atributo '<Select a domain to use. Default domain is BLOB>': no válido para el atributo de destino 'messageDomainProperty' en objeto 'HTTP Request'. <<1681149614350
BIP9333W<<Application 'XML_Application' ha sido changed pero contiene errores que han impedido el inicio de algunos recursos. <<1681149614350
BIP1096E<<El origen 'XML_Applicationproject.generated.bar' se ha desplegado, pero ha habido uno o más errores que podrían suponer que los recursos desplegados no puedan ejecutar. <<1681149614350
XML_Application>>>>XML_SERVER>>SUCCESS>>1681149661477
BIP9332I<<Application 'XML_Application' se ha changed correctamente. <<1681149661477
BIP9326I<<El origen 'XML_Applicationproject.generated.bar' se ha desplegado correctamente. <<1681149661477
XML_Application>>>>XML_SERVER>>SUCCESS>>1681149963253
BIP9332I<<Application 'XML_Application' se ha changed correctamente. <<1681149963253
BIP9326I<<El origen 'XML_Applicationproject.generated.bar' se ha desplegado correctamente. <<1681149963253
Policy>>>>XML_SERVER>>SUCCESS>>1681178445454
BIP9339W<<Los valores definidos en la(s) política(s) 'Policy' del proyecto de política 'Policy' coinciden con los valores de política(s) existente(s). Los recursos desplegados que utilicen la(s) política(s) no se verán afectados por el redespliegue del proyecto de política. <<1681178445454
BIP9326I<<El origen 'Policyproject.generated.bar' se ha desplegado correctamente. <<1681178445454
XML_Application>>>>XML_SERVER>>SUCCESS>>1681178454461
BIP9332I<<Application 'XML_Application' se ha changed correctamente. <<1681178454461
BIP9326I<<El origen 'XML_Applicationproject.generated.bar' se ha desplegado correctamente. <<1681178454461
Policy>>>>XML_SERVER>>SUCCESS>>1682563008716
BIP9339W<<Los valores definidos en la(s) política(s) 'Policy' del proyecto de política 'Policy' coinciden con los valores de política(s) existente(s). Los recursos desplegados que utilicen la(s) política(s) no se verán afectados por el redespliegue del proyecto de política. <<1682563008716
BIP9326I<<El origen 'Policyproject.generated.bar' se ha desplegado correctamente. <<1682563008716
XML_Application>>>>XML_SERVER>>SUCCESS>>1682563031586
BIP9332I<<Application 'XML_Application' se ha changed correctamente. <<1682563031586
BIP9326I<<El origen 'XML_Applicationproject.generated.bar' se ha desplegado correctamente. <<1682563031586
XML_Application>>>>XML_SERVER>>SUCCESS>>1682563303601
BIP9332I<<Application 'XML_Application' se ha changed correctamente. <<1682563303601
BIP9326I<<El origen 'XML_Applicationproject.TestMode.bar' se ha desplegado correctamente. <<1682563303601
XML_Application>>>>XML_SERVER>>SUCCESS>>1682564158020
BIP9332I<<Application 'XML_Application' se ha changed correctamente. <<1682564158020
BIP9326I<<El origen 'XML_Applicationproject.TestMode.bar' se ha desplegado correctamente. <<1682564158020
XML_Application>>>>XML_SERVER>>SUCCESS>>1682564519351
BIP9332I<<Application 'XML_Application' se ha changed correctamente. <<1682564519351
BIP9326I<<El origen 'XML_Applicationproject.TestMode.bar' se ha desplegado correctamente. <<1682564519351
XML_Application>>>>XML_SERVER>>SUCCESS>>1682564904772
BIP9332I<<Application 'XML_Application' se ha changed correctamente. <<1682564904772
BIP9326I<<El origen 'XML_Applicationproject.TestMode.bar' se ha desplegado correctamente. <<1682564904772
XML_Application>>>>XML_SERVER>>SUCCESS>>1682565098368
BIP9332I<<Application 'XML_Application' se ha changed correctamente. <<1682565098368
BIP9326I<<El origen 'XML_Applicationproject.TestMode.bar' se ha desplegado correctamente. <<1682565098368
XML_Application>>>>XML_SERVER>>SUCCESS>>1682565361991
BIP9332I<<Application 'XML_Application' se ha changed correctamente. <<1682565361991
BIP9326I<<El origen 'XML_Applicationproject.TestMode.bar' se ha desplegado correctamente. <<1682565361991
XML_Application>>>>XML_SERVER>>SUCCESS>>1682565620943
BIP9332I<<Application 'XML_Application' se ha changed correctamente. <<1682565620943
BIP9326I<<El origen 'XML_Applicationproject.TestMode.bar' se ha desplegado correctamente. <<1682565620943
XML_Application>>>>XML_SERVER>>SUCCESS>>1682565649731
BIP9332I<<Application 'XML_Application' se ha changed correctamente. <<1682565649731
BIP9326I<<El origen 'XML_Applicationproject.TestMode.bar' se ha desplegado correctamente. <<1682565649731
XML_Application>>>>XML_SERVER>>SUCCESS>>1682565926054
BIP9332I<<Application 'XML_Application' se ha changed correctamente. <<1682565926054
BIP9326I<<El origen 'XML_Applicationproject.TestMode.bar' se ha desplegado correctamente. <<1682565926054
XML_Application>>>>XML_SERVER>>SUCCESS>>1682566062537
BIP9332I<<Application 'XML_Application' se ha changed correctamente. <<1682566062537
BIP9326I<<El origen 'XML_Applicationproject.TestMode.bar' se ha desplegado correctamente. <<1682566062537
Policy>>>>XML_SERVER>>SUCCESS>>1682608733235
BIP9339W<<Los valores definidos en la(s) política(s) 'Policy' del proyecto de política 'Policy' coinciden con los valores de política(s) existente(s). Los recursos desplegados que utilicen la(s) política(s) no se verán afectados por el redespliegue del proyecto de política. <<1682608733235
BIP9326I<<El origen 'Policyproject.generated.bar' se ha desplegado correctamente. <<1682608733235
XML_Application>>>>XML_SERVER>>SUCCESS>>1682608744535
BIP9332I<<Application 'XML_Application' se ha changed correctamente. <<1682608744535
BIP9326I<<El origen 'XML_Applicationproject.TestMode.bar' se ha desplegado correctamente. <<1682608744535
XML_Application>>>>XML_SERVER>>SUCCESS>>1682609065259
BIP9332I<<Application 'XML_Application' se ha changed correctamente. <<1682609065259
BIP9326I<<El origen 'XML_Applicationproject.TestMode.bar' se ha desplegado correctamente. <<1682609065259
Policy>>>>XML_SERVER>>SUCCESS>>1682609651768
BIP9339W<<Los valores definidos en la(s) política(s) 'Policy' del proyecto de política 'Policy' coinciden con los valores de política(s) existente(s). Los recursos desplegados que utilicen la(s) política(s) no se verán afectados por el redespliegue del proyecto de política. <<1682609651768
BIP9326I<<El origen 'Policyproject.generated.bar' se ha desplegado correctamente. <<1682609651768
XML_Application>>>>XML_SERVER>>SUCCESS>>1682609662421
BIP9332I<<Application 'XML_Application' se ha changed correctamente. <<1682609662421
BIP9326I<<El origen 'XML_Applicationproject.generated.bar' se ha desplegado correctamente. <<1682609662421
XML_Application>>>>XML_SERVER>>SUCCESS>>1682609725012
BIP9332I<<Application 'XML_Application' se ha changed correctamente. <<1682609725012
BIP9326I<<El origen 'XML_Applicationproject.TestMode.bar' se ha desplegado correctamente. <<1682609725012
XML_Application>>>>XML_SERVER>>SUCCESS>>1682609929244
BIP9332I<<Application 'XML_Application' se ha changed correctamente. <<1682609929244
BIP9326I<<El origen 'XML_Applicationproject.TestMode.bar' se ha desplegado correctamente. <<1682609929244
XML_Application>>>>XML_SERVER>>SUCCESS>>1682610001347
BIP9332I<<Application 'XML_Application' se ha changed correctamente. <<1682610001347
BIP9326I<<El origen 'XML_Applicationproject.TestMode.bar' se ha desplegado correctamente. <<1682610001347
XML_Application>>>>XML_SERVER>>SUCCESS>>1682610354599
BIP9332I<<Application 'XML_Application' se ha changed correctamente. <<1682610354599
BIP9326I<<El origen 'XML_Applicationproject.TestMode.bar' se ha desplegado correctamente. <<1682610354599
XML_Application>>>>XML_SERVER>>SUCCESS>>1682610394377
BIP9332I<<Application 'XML_Application' se ha changed correctamente. <<1682610394377
BIP9326I<<El origen 'XML_Applicationproject.TestMode.bar' se ha desplegado correctamente. <<1682610394377
Policy>>>>WSDL_SERVER>>SUCCESS>>1682620395453
BIP9332I<<PolicyProject 'Policy' se ha created correctamente. <<1682620395453
BIP9326I<<El origen 'Policyproject.generated.bar' se ha desplegado correctamente. <<1682620395453
XML_Application>>>>WSDL_SERVER>>SUCCESS>>1682620404967
BIP9332I<<Application 'XML_Application' se ha created correctamente. <<1682620404967
BIP9326I<<El origen 'XML_Applicationproject.generated.bar' se ha desplegado correctamente. <<1682620404967
XML_Application>>>>WSDL_SERVER>>SUCCESS>>1682624171423
BIP9332I<<Application 'XML_Application' se ha changed correctamente. <<1682624171423
BIP9326I<<El origen 'XML_Applicationproject.generated.bar' se ha desplegado correctamente. <<1682624171423
XML_Application>>>>WSDL_SERVER>>SUCCESS>>1682626507853
BIP9332I<<Application 'XML_Application' se ha changed correctamente. <<1682626507853
BIP9326I<<El origen 'XML_Applicationproject.generated.bar' se ha desplegado correctamente. <<1682626507853
XML_Application>>>>WSDL_SERVER>>SUCCESS>>1682626699293
BIP9332I<<Application 'XML_Application' se ha changed correctamente. <<1682626699293
BIP9326I<<El origen 'XML_Applicationproject.TestMode.bar' se ha desplegado correctamente. <<1682626699293
XML_Application>>>>WSDL_SERVER>>SUCCESS>>1682626875629
BIP9332I<<Application 'XML_Application' se ha changed correctamente. <<1682626875629
BIP9326I<<El origen 'XML_Applicationproject.generated.bar' se ha desplegado correctamente. <<1682626875629
XML_Application>>>>WSDL_SERVER>>SUCCESS>>1682626892850
BIP9332I<<Application 'XML_Application' se ha changed correctamente. <<1682626892850
BIP9326I<<El origen 'XML_Applicationproject.TestMode.bar' se ha desplegado correctamente. <<1682626892850
XML_Application>>>>WSDL_SERVER>>SUCCESS>>1682627818091
BIP9332I<<Application 'XML_Application' se ha changed correctamente. <<1682627818091
BIP9326I<<El origen 'XML_Applicationproject.TestMode.bar' se ha desplegado correctamente. <<1682627818091
XML_Application>>>>WSDL_SERVER>>SUCCESS>>1682628032943
BIP9332I<<Application 'XML_Application' se ha changed correctamente. <<1682628032943
BIP9326I<<El origen 'XML_Applicationproject.TestMode.bar' se ha desplegado correctamente. <<1682628032943
